LOG: 14:40:57 server.go:21: Launching New Server
LOG: 14:40:57 server.go:40: Listening on Server
LOG: 14:40:57 server.go:41: 0.0.0.0:6882
DEBUG: 14:40:57 main.go:76: Length:  1277987
DEBUG: 14:40:57 main.go:78: Piece Length:  16384
DEBUG: 14:40:57 main.go:80: Piece Len:  1580
DEBUG: 14:40:57 main.go:81: Pieces count:  79
LOG: 14:40:57 tracker.go:53: TRACKER REQUEST: http://thomasballinger.com:6969/announce?info_hash=%2b%15%ca%2b%fdH%cd%d7m9%ecU%a3%ab%1b%8aW%18%0a%09&peer_id=-FL1001-91a24W577461&uploaded=0&downloaded=0&left=1277987&port=6882&key=60502143&numwant=80&compact=1&supportcrypto=1&event=started
DEBUG: 14:40:57 manager.go:15: Queue Filled
LOG: 14:40:57 peer.go:68: Connecting to 96.126.104.219:51758
LOG: 14:40:57 peer.go:68: Connecting to 207.251.103.46:6882
LOG: 14:40:57 peer.go:81: Connected to -DE1360-C(ucsARmzbCt at 96.126.104.219:51758
LOG: 14:40:57 message.go:182: Sending Status Message: 2 to -DE1360-C(ucsARmzbCt
LOG: 14:40:57 peer.go:161: Recv: -DE1360-C(ucsARmzbCt sends have [0 0 0 71]
LOG: 14:40:57 peer.go:161: Recv: -DE1360-C(ucsARmzbCt sends have [0 0 0 11]
LOG: 14:40:57 peer.go:161: Recv: -DE1360-C(ucsARmzbCt sends have [0 0 0 4]
LOG: 14:40:57 peer.go:164: Recv: -DE1360-C(ucsARmzbCt sends bitfield
LOG: 14:40:57 peer.go:161: Recv: -DE1360-C(ucsARmzbCt sends have [0 0 0 59]
LOG: 14:40:57 peer.go:161: Recv: -DE1360-C(ucsARmzbCt sends have [0 0 0 61]
LOG: 14:40:57 peer.go:161: Recv: -DE1360-C(ucsARmzbCt sends have [0 0 0 20]
LOG: 14:40:57 peer.go:161: Recv: -DE1360-C(ucsARmzbCt sends have [0 0 0 32]
LOG: 14:40:57 peer.go:152: Recv: -DE1360-C(ucsARmzbCt sends unchoke
LOG: 14:40:57 message.go:266: Requesting piece 0 from peer -DE1360-C(ucsARmzbCt
LOG: 14:40:57 message.go:68: Piece at 0 is successfully written
DEBUG: 14:40:57 manager.go:75: Break from loop -DE1360-C(ucsARmzbCt
LOG: 14:40:57 message.go:182: Sending Status Message: -1 to -DE1360-C(ucsARmzbCt
LOG: 14:40:57 message.go:266: Requesting piece 1 from peer -DE1360-C(ucsARmzbCt
LOG: 14:40:57 message.go:68: Piece at 1 is successfully written
DEBUG: 14:40:57 manager.go:75: Break from loop -DE1360-C(ucsARmzbCt
LOG: 14:40:57 message.go:182: Sending Status Message: -1 to -DE1360-C(ucsARmzbCt
LOG: 14:40:57 message.go:266: Requesting piece 2 from peer -DE1360-C(ucsARmzbCt
LOG: 14:40:57 message.go:68: Piece at 2 is successfully written
DEBUG: 14:40:57 manager.go:75: Break from loop -DE1360-C(ucsARmzbCt
LOG: 14:40:57 message.go:182: Sending Status Message: -1 to -DE1360-C(ucsARmzbCt
LOG: 14:40:57 message.go:266: Requesting piece 3 from peer -DE1360-C(ucsARmzbCt
DEBUG: 14:40:57 io.go:24: WHy Don't I have Piece 3?
DEBUG: 14:40:57 io.go:34: File is 49152 bytes, out of Length: 1277987
LOG: 14:40:57 io.go:35: Wrote Data
DEBUG: 14:40:57 main.go:48: Good Bye!
